Log file opened on Wed Aug 19 10:05:06 2015
Host: i67  pid: 13179  rank ID: 0  number of ranks:  1
GROMACS:    gmx mdrun, VERSION 5.0.4

GROMACS is written by:
Emile Apol         Rossen Apostolov   Herman J.C. Berendsen Par Bjelkmar       
Aldert van Buuren  Rudi van Drunen    Anton Feenstra     Sebastian Fritsch  
Gerrit Groenhof    Christoph Junghans Peter Kasson       Carsten Kutzner    
Per Larsson        Justin A. Lemkul   Magnus Lundborg    Pieter Meulenhoff  
Erik Marklund      Teemu Murtola      Szilard Pall       Sander Pronk       
Roland Schulz      Alexey Shvetsov    Michael Shirts     Alfons Sijbers     
Peter Tieleman     Christian Wennberg Maarten Wolf       
and the project leaders:
Mark Abraham, Berk Hess, Erik Lindahl, and David van der Spoel

Copyright (c) 1991-2000, University of Groningen, The Netherlands.
Copyright (c) 2001-2014, The GROMACS development team at
Uppsala University, Stockholm University and
the Royal Institute of Technology, Sweden.
check out http://www.gromacs.org for more information.

GROMACS is free software; you can redistribute it and/or modify it
under the terms of the GNU Lesser General Public License
as published by the Free Software Foundation; either version 2.1
of the License, or (at your option) any later version.

GROMACS:      gmx mdrun, VERSION 5.0.4
Executable:   /N/u/vivek91/modules/gromacs-5/bin/gmx
Library dir:  /N/u/vivek91/modules/gromacs-5/share/gromacs/top
Command line:
  mdrun -nt 1 -s topol.tpr -o traj.trr -e ener.edr

Gromacs version:    VERSION 5.0.4
Precision:          single
Memory model:       64 bit
MPI library:        thread_mpi
OpenMP support:     enabled
GPU support:        disabled
invsqrt routine:    gmx_software_invsqrt(x)
SIMD instructions:  SSE2
FFT library:        fftw-3.3.3-sse2
RDTSCP usage:       enabled
C++11 compilation:  disabled
TNG support:        enabled
Tracing support:    disabled
Built on:           Fri Jul 10 20:48:06 EDT 2015
Built by:           vivek91@i136 [CMAKE]
Build OS/arch:      Linux 2.6.18-406.el5 x86_64
Build CPU vendor:   GenuineIntel
Build CPU brand:    Intel(R) Xeon(R) CPU           X5570  @ 2.93GHz
Build CPU family:   6   Model: 26   Stepping: 5
Build CPU features: apic clfsh cmov cx8 cx16 htt lahf_lm mmx msr nonstop_tsc pdcm popcnt pse rdtscp sse2 sse3 sse4.1 sse4.2 ssse3
C compiler:         /usr/bin/gcc GNU 4.1.2
C compiler flags:    -msse2    -Wextra -Wno-missing-field-initializers -Wno-sign-compare -Wpointer-arith -Wall -Wno-unused -Wunused-value -Wunused-parameter  -O3 -DNDEBUG -fomit-frame-pointer -funroll-all-loops  
C++ compiler:       /usr/bin/c++ GNU 4.1.2
C++ compiler flags:  -msse2    -Wextra -Wno-missing-field-initializers -Wpointer-arith -Wall -Wno-unused-function  -O3 -DNDEBUG -fomit-frame-pointer -funroll-all-loops  
Boost version:      1.55.0 (internal)



++++ PLEASE READ AND CITE THE FOLLOWING REFERENCE ++++
B. Hess and C. Kutzner and D. van der Spoel and E. Lindahl
GROMACS 4: Algorithms for highly efficient, load-balanced, and scalable
molecular simulation
J. Chem. Theory Comput. 4 (2008) pp. 435-447
-------- -------- --- Thank You --- -------- --------


++++ PLEASE READ AND CITE THE FOLLOWING REFERENCE ++++
D. van der Spoel, E. Lindahl, B. Hess, G. Groenhof, A. E. Mark and H. J. C.
Berendsen
GROMACS: Fast, Flexible and Free
J. Comp. Chem. 26 (2005) pp. 1701-1719
-------- -------- --- Thank You --- -------- --------


++++ PLEASE READ AND CITE THE FOLLOWING REFERENCE ++++
E. Lindahl and B. Hess and D. van der Spoel
GROMACS 3.0: A package for molecular simulation and trajectory analysis
J. Mol. Mod. 7 (2001) pp. 306-317
-------- -------- --- Thank You --- -------- --------


++++ PLEASE READ AND CITE THE FOLLOWING REFERENCE ++++
H. J. C. Berendsen, D. van der Spoel and R. van Drunen
GROMACS: A message-passing parallel molecular dynamics implementation
Comp. Phys. Comm. 91 (1995) pp. 43-56
-------- -------- --- Thank You --- -------- --------

Changing nstlist from 10 to 40, rlist from 1.2 to 1.2

Input Parameters:
   integrator                     = sd
   tinit                          = 0
   dt                             = 0.001
   nsteps                         = 1000000
   init-step                      = 0
   simulation-part                = 1
   comm-mode                      = None
   nstcomm                        = 0
   bd-fric                        = 0
   ld-seed                        = 3059653626
   emtol                          = 10
   emstep                         = 0.01
   niter                          = 20
   fcstep                         = 0
   nstcgsteep                     = 1000
   nbfgscorr                      = 10
   rtpi                           = 0.05
   nstxout                        = 1000
   nstvout                        = 0
   nstfout                        = 0
   nstlog                         = 0
   nstcalcenergy                  = 0
   nstenergy                      = 0
   nstxout-compressed             = 0
   compressed-x-precision         = 1000
   cutoff-scheme                  = Verlet
   nstlist                        = 40
   ns-type                        = Simple
   pbc                            = xyz
   periodic-molecules             = FALSE
   verlet-buffer-tolerance        = 0.005
   rlist                          = 1.2
   rlistlong                      = 1.2
   nstcalclr                      = 10
   coulombtype                    = Cut-off
   coulomb-modifier               = Potential-shift
   rcoulomb-switch                = 0
   rcoulomb                       = 1.2
   epsilon-r                      = 1
   epsilon-rf                     = inf
   vdw-type                       = Cut-off
   vdw-modifier                   = Potential-shift
   rvdw-switch                    = 0
   rvdw                           = 1.2
   DispCorr                       = No
   table-extension                = 1
   fourierspacing                 = 0.12
   fourier-nx                     = 0
   fourier-ny                     = 0
   fourier-nz                     = 0
   pme-order                      = 4
   ewald-rtol                     = 1e-05
   ewald-rtol-lj                  = 0.001
   lj-pme-comb-rule               = Geometric
   ewald-geometry                 = 0
   epsilon-surface                = 0
   implicit-solvent               = No
   gb-algorithm                   = Still
   nstgbradii                     = 1
   rgbradii                       = 1
   gb-epsilon-solvent             = 80
   gb-saltconc                    = 0
   gb-obc-alpha                   = 1
   gb-obc-beta                    = 0.8
   gb-obc-gamma                   = 4.85
   gb-dielectric-offset           = 0.009
   sa-algorithm                   = Ace-approximation
   sa-surface-tension             = 2.05016
   tcoupl                         = No
   nsttcouple                     = -1
   nh-chain-length                = 0
   print-nose-hoover-chain-variables = FALSE
   pcoupl                         = No
   pcoupltype                     = Isotropic
   nstpcouple                     = -1
   tau-p                          = 1
   compressibility (3x3):
      compressibility[    0]={ 0.00000e+00,  0.00000e+00,  0.00000e+00}
      compressibility[    1]={ 0.00000e+00,  0.00000e+00,  0.00000e+00}
      compressibility[    2]={ 0.00000e+00,  0.00000e+00,  0.00000e+00}
   ref-p (3x3):
      ref-p[    0]={ 0.00000e+00,  0.00000e+00,  0.00000e+00}
      ref-p[    1]={ 0.00000e+00,  0.00000e+00,  0.00000e+00}
      ref-p[    2]={ 0.00000e+00,  0.00000e+00,  0.00000e+00}
   refcoord-scaling               = No
   posres-com (3):
      posres-com[0]= 0.00000e+00
      posres-com[1]= 0.00000e+00
      posres-com[2]= 0.00000e+00
   posres-comB (3):
      posres-comB[0]= 0.00000e+00
      posres-comB[1]= 0.00000e+00
      posres-comB[2]= 0.00000e+00
   QMMM                           = FALSE
   QMconstraints                  = 0
   QMMMscheme                     = 0
   MMChargeScaleFactor            = 1
qm-opts:
   ngQM                           = 0
   constraint-algorithm           = Shake
   continuation                   = FALSE
   Shake-SOR                      = FALSE
   shake-tol                      = 0.0001
   lincs-order                    = 4
   lincs-iter                     = 1
   lincs-warnangle                = 30
   nwall                          = 0
   wall-type                      = 9-3
   wall-r-linpot                  = -1
   wall-atomtype[0]               = -1
   wall-atomtype[1]               = -1
   wall-density[0]                = 0
   wall-density[1]                = 0
   wall-ewald-zfac                = 3
   pull                           = no
   rotation                       = FALSE
   interactiveMD                  = FALSE
   disre                          = No
   disre-weighting                = Conservative
   disre-mixed                    = FALSE
   dr-fc                          = 1000
   dr-tau                         = 0
   nstdisreout                    = 100
   orire-fc                       = 0
   orire-tau                      = 0
   nstorireout                    = 100
   free-energy                    = no
   cos-acceleration               = 0
   deform (3x3):
      deform[    0]={ 0.00000e+00,  0.00000e+00,  0.00000e+00}
      deform[    1]={ 0.00000e+00,  0.00000e+00,  0.00000e+00}
      deform[    2]={ 0.00000e+00,  0.00000e+00,  0.00000e+00}
   simulated-tempering            = FALSE
   E-x:
      n = 0
   E-xt:
      n = 0
   E-y:
      n = 0
   E-yt:
      n = 0
   E-z:
      n = 0
   E-zt:
      n = 0
   swapcoords                     = no
   adress                         = FALSE
   userint1                       = 0
   userint2                       = 0
   userint3                       = 0
   userint4                       = 0
   userreal1                      = 0
   userreal2                      = 0
   userreal3                      = 0
   userreal4                      = 0
grpopts:
   nrdf:          54
   ref-t:         300
   tau-t:           1
annealing:          No
annealing-npoints:           0
   acc:	           0           0           0
   nfreeze:           N           N           N
   energygrp-flags[  0]: 0
Using 1 MPI thread
Using 1 OpenMP thread 

Detecting CPU SIMD instructions.
Present hardware specification:
Vendor: GenuineIntel
Brand:  Intel(R) Xeon(R) CPU           X5570  @ 2.93GHz
Family:  6  Model: 26  Stepping:  5
Features: apic clfsh cmov cx8 cx16 htt lahf_lm mmx msr nonstop_tsc pdcm popcnt pse rdtscp sse2 sse3 sse4.1 sse4.2 ssse3
SIMD instructions most likely to fit this hardware: SSE4.1
SIMD instructions selected at GROMACS compile time: SSE2


Binary not matching hardware - you might be losing performance.
SIMD instructions most likely to fit this hardware: SSE4.1
SIMD instructions selected at GROMACS compile time: SSE2

Cut-off's:   NS: 1.2   Coulomb: 1.2   LJ: 1.2
System total charge: 0.000
Generated table with 1100 data points for 1-4 COUL.
Tabscale = 500 points/nm
Generated table with 1100 data points for 1-4 LJ6.
Tabscale = 500 points/nm
Generated table with 1100 data points for 1-4 LJ12.
Tabscale = 500 points/nm

Using SSE2 4x4 non-bonded kernels

Using Lorentz-Berthelot Lennard-Jones combination rule

Potential shift: LJ r^-12: -1.122e-01 r^-6: -3.349e-01, Coulomb -8e-01
Removing pbc first time

++++ PLEASE READ AND CITE THE FOLLOWING REFERENCE ++++
J. P. Ryckaert and G. Ciccotti and H. J. C. Berendsen
Numerical Integration of the Cartesian Equations of Motion of a System with
Constraints; Molecular Dynamics of n-Alkanes
J. Comp. Phys. 23 (1977) pp. 327-341
-------- -------- --- Thank You --- -------- --------


++++ PLEASE READ AND CITE THE FOLLOWING REFERENCE ++++
N. Goga and A. J. Rzepiela and A. H. de Vries and S. J. Marrink and H. J. C.
Berendsen
Efficient Algorithms for Langevin and DPD Dynamics
J. Chem. Theory Comput. 8 (2012) pp. 3637--3649
-------- -------- --- Thank You --- -------- --------

There are: 22 Atoms
Max number of connections per atom is 80
Total number of connections is 526
Max number of graph edges per atom is 4
Total number of graph edges is 42

Constraining the starting coordinates (step 0)

Constraining the coordinates at t0-dt (step 0)
Initial temperature: 225.793 K

Started mdrun on rank 0 Wed Aug 19 10:05:06 2015
           Step           Time         Lambda
              0        0.00000        0.00000

   Energies (kJ/mol)
           Bond          Angle    Proper Dih.  Improper Dih.          LJ-14
    9.09674e+00    2.02053e+01    4.65667e+01    1.12854e+00    1.29486e+01
     Coulomb-14        LJ (SR)   Coulomb (SR)      Potential    Kinetic En.
    1.81568e+02    1.82223e+00   -3.20844e+02   -4.75079e+01    5.36238e+01
   Total Energy    Temperature Pressure (bar)
    6.11586e+00    2.38867e+02    2.85558e-02

           Step           Time         Lambda
        1000000     1000.00000        0.00000

Writing checkpoint, step 1000000 at Wed Aug 19 10:05:28 2015


   Energies (kJ/mol)
           Bond          Angle    Proper Dih.  Improper Dih.          LJ-14
    1.11544e+01    4.78139e+01    3.80252e+01    5.09936e-01    1.25292e+01
     Coulomb-14        LJ (SR)   Coulomb (SR)      Potential    Kinetic En.
    1.93762e+02    3.39770e-01   -3.08175e+02   -4.04047e+00    9.45868e+01
   Total Energy    Temperature Pressure (bar)
    9.05464e+01    4.21338e+02    2.99920e-03


	M E G A - F L O P S   A C C O U N T I N G

 NB=Group-cutoff nonbonded kernels    NxN=N-by-N cluster Verlet kernels
 RF=Reaction-Field  VdW=Van der Waals  QSTab=quadratic-spline table
 W3=SPC/TIP3p  W4=TIP4p (single or pairs)
 V&F=Potential and force  V=Potential only  F=Force only

 Computing:                               M-Number         M-Flops  % Flops
-----------------------------------------------------------------------------
 Pair Search distance check               4.950198          44.552     0.1
 NxN RF Elec. + LJ [F]                  327.999672       12463.988    34.8
 NxN RF Elec. + LJ [V&F]                  0.000656           0.035     0.0
 NxN RF Electrostatics [F]                7.999992         248.000     0.7
 NxN RF Electrostatics [V&F]              0.000016           0.001     0.0
 1,4 nonbonded interactions              41.000041        3690.004    10.3
 Shift-X                                 44.550066         267.300     0.7
 Bonds                                    9.000009         531.001     1.5
 Angles                                  36.000036        6048.006    16.9
 Propers                                 39.000039        8931.009    24.9
 Impropers                                4.000004         832.001     2.3
 Virial                                   0.000134           0.002     0.0
 Update                                  22.000022         682.001     1.9
 Calc-Ekin                                1.100044          29.701     0.1
 Shake                                   47.566203        1426.986     4.0
 Constraint-V                            48.000072         384.001     1.1
 Shake-Init                              24.000048         240.000     0.7
 Constraint-Vir                           0.000024           0.001     0.0
-----------------------------------------------------------------------------
 Total                                                   35818.588   100.0
-----------------------------------------------------------------------------


     R E A L   C Y C L E   A N D   T I M E   A C C O U N T I N G

On 1 MPI rank

 Computing:          Num   Num      Call    Wall time         Giga-Cycles
                     Ranks Threads  Count      (s)         total sum    %
-----------------------------------------------------------------------------
 Neighbor search        1    1      25001       0.262          0.768   1.2
 Force                  1    1    1000001      11.751         34.478  52.9
 NB X/F buffer ops.     1    1    1975001       0.971          2.849   4.4
 Write traj.            1    1       1001       0.032          0.093   0.1
 Update                 1    1    2000002       3.895         11.428  17.5
 Constraints            1    1    2000002       2.229          6.540  10.0
 Rest                                           3.075          9.021  13.8
-----------------------------------------------------------------------------
 Total                                         22.214         65.177 100.0
-----------------------------------------------------------------------------

               Core t (s)   Wall t (s)        (%)
       Time:       22.185       22.214       99.9
                 (ns/day)    (hour/ns)
Performance:     3889.369        0.006
Finished mdrun on rank 0 Wed Aug 19 10:05:28 2015
